Arguments: 
  C:\Program Files (x86)\nodejs\node.exe C:\Program Files (x86)\Yarn\bin\yarn.js add express

PATH: 
  C:\product\11.2.0\dbhome_1\bin;C:\Program Files (x86)\Common Files\Intel\Shared Files\cpp\bin\Intel64;C:\Program Files\Java\jdk1.8.0_121\bin;C:\ProgramData\Oracle\Java\javapath;C:\Windows\system32;C:\Windows;C:\Windows\System32\Wbem;C:\Windows\System32\WindowsPowerShell\v1.0\;C:\Program Files (x86)\NVIDIA Corporation\PhysX\Common;C:\Program Files (x86)\Windows Live\Shared;C:\Program Files (x86)\QuickTime\QTSystem\;C:\Program Files\Git\cmd;C:\xampp\php;C:\WINDOWS\system32;C:\WINDOWS;C:\WINDOWS\System32\Wbem;C:\WINDOWS\System32\WindowsPowerShell\v1.0\;C:\Program Files\dotnet\;C:\Program Files\CMake\bin;C:\ProgramData\ComposerSetup\bin;C:\Program Files (x86)\Windows Kits\8.1\Windows Performance Toolkit\;C:\Program Files\Microsoft SQL Server\110\Tools\Binn\;C:\Program Files\PuTTY\;C:\Program Files (x86)\Common Files\lenovo\easyplussdk\bin;C:\Program Files (x86)\Yarn\bin\;C:\Program Files (x86)\nodejs\;C:\Users\Adam Apple\AppData\Local\Microsoft\WindowsApps;C:\Users\Adam Apple\AppData\Roaming\Composer\vendor\bin;C:\Program Files (x86)\Nmap;C:\Users\Adam Apple\AppData\Local\Yarn\bin;C:\Users\Adam Apple\AppData\Local\Programs\Microsoft VS Code\bin;C:\Users\Adam Apple\AppData\Roaming\npm

Yarn version: 
  1.12.3

Node version: 
  10.13.0

Platform: 
  win32 ia32

Trace: 
  Error: getaddrinfo ENOTFOUND registry.yarnpkg.com registry.yarnpkg.com:443
      at GetAddrInfoReqWrap.onlookup [as oncomplete] (dns.js:57:26)

npm manifest: 
  {
    "name": "api",
    "version": "1.0.0",
    "description": "",
    "main": "index.js",
    "scripts": {
      "test": "echo \"Error: no test specified\" && exit 1"
    },
    "author": "",
    "license": "ISC",
    "dependencies": {
      "body-parser": "^1.18.3",
      "mysql": "^2.16.0"
    }
  }

yarn manifest: 
  No manifest

Lockfile: 
  No lockfile
